<?xml version="1.0" encoding="UTF-8"?>
<testng-results ignored="0" total="1" passed="1" failed="0" skipped="0">
  <reporter-output>
  </reporter-output>
  <suite started-at="2020-04-23T19:21:53 EDT" name="Default suite" finished-at="2020-04-23T19:22:17 EDT" duration-ms="23708">
    <groups>
    </groups>
    <test started-at="2020-04-23T19:21:53 EDT" name="Default test" finished-at="2020-04-23T19:22:17 EDT" duration-ms="23708">
      <class name="com.Orange.Hrm.Scripts.NationTestt">
        <test-method is-config="true" signature="openBrowser()[pri:0, instance:com.Orange.Hrm.Scripts.NationTestt@3b07a0d6]" started-at="2020-04-23T19:21:53 EDT" name="openBrowser" finished-at="2020-04-23T19:21:58 EDT" duration-ms="4857" status="PASS">
          <reporter-output>
          </reporter-output>
        </test-method> <!-- openBrowser -->
        <test-method signature="validateNationality()[pri:0, instance:com.Orange.Hrm.Scripts.NationTestt@3b07a0d6]" started-at="2020-04-23T19:21:58 EDT" name="validateNationality" finished-at="2020-04-23T19:22:17 EDT" duration-ms="18656" status="PASS">
          <reporter-output>
          </reporter-output>
        </test-method> <!-- validateNationality -->
        <test-method is-config="true" signature="closeBrowser()[pri:0, instance:com.Orange.Hrm.Scripts.NationTestt@3b07a0d6]" started-at="2020-04-23T19:22:17 EDT" name="closeBrowser" finished-at="2020-04-23T19:22:17 EDT" duration-ms="149" status="PASS">
          <reporter-output>
          </reporter-output>
        </test-method> <!-- closeBrowser -->
      </class> <!-- com.Orange.Hrm.Scripts.NationTestt -->
    </test> <!-- Default test -->
  </suite> <!-- Default suite -->
</testng-results>
